app/build/intermediates/manifest_merge_blame_file/release/manifest-merger-blame-release-report.txt
1<?xml version="1.0" encoding="utf-8"?>
2<manifest xmlns:android="http://schemas.android.com/apk/res/android"
3    package="com.iddwitku.witku"
4    android:versionCode="2"
5    android:versionName="2.0" >
6
7    <uses-sdk
8        android:minSdkVersion="27"
8-->src/main/AndroidManifest.xml
9        android:targetSdkVersion="32" />
9-->src/main/AndroidManifest.xml
10
11    <!-- Although the *SdkVersion is captured in gradle build files, this is required for non gradle builds -->
12    <!-- <uses-sdk android:minSdkVersion="14"/> -->
13    <uses-permission android:name="android.permission.ACCESS_NETWORK_STATE" />
13-->[com.google.firebase:firebase-database:20.0.6] AndroidManifest.xml:25:5-79
13-->[com.google.firebase:firebase-database:20.0.6] AndroidManifest.xml:25:22-76
14    <uses-permission android:name="android.permission.INTERNET" />
14-->[com.google.firebase:firebase-database:20.0.6] AndroidManifest.xml:26:5-67
14-->[com.google.firebase:firebase-database:20.0.6] AndroidManifest.xml:26:22-64
15    <uses-permission android:name="com.google.android.gms.permission.AD_ID" /> <!-- Android package visibility setting -->
15-->[com.google.android.gms:play-services-ads-lite:21.4.0] AndroidManifest.xml:26:5-79
15-->[com.google.android.gms:play-services-ads-lite:21.4.0] AndroidManifest.xml:26:22-76
16    <queries>
16-->[com.google.android.gms:play-services-ads-lite:21.4.0] AndroidManifest.xml:29:5-45:15
17
18        <!-- For browser content -->
19        <intent>
19-->[com.google.android.gms:play-services-ads-lite:21.4.0] AndroidManifest.xml:32:9-38:18
20            <action android:name="android.intent.action.VIEW" />
20-->[com.google.android.gms:play-services-ads-lite:21.4.0] AndroidManifest.xml:33:13-65
20-->[com.google.android.gms:play-services-ads-lite:21.4.0] AndroidManifest.xml:33:21-62
21
22            <category android:name="android.intent.category.BROWSABLE" />
22-->[com.google.android.gms:play-services-ads-lite:21.4.0] AndroidManifest.xml:35:13-74
22-->[com.google.android.gms:play-services-ads-lite:21.4.0] AndroidManifest.xml:35:23-71
23
24            <data android:scheme="https" />
24-->[com.google.android.gms:play-services-ads-lite:21.4.0] AndroidManifest.xml:37:13-44
24-->[com.google.android.gms:play-services-ads-lite:21.4.0] AndroidManifest.xml:37:19-41
25        </intent>
26        <!-- End of browser content -->
27        <!-- For CustomTabsService -->
28        <intent>
28-->[com.google.android.gms:play-services-ads-lite:21.4.0] AndroidManifest.xml:41:9-43:18
29            <action android:name="android.support.customtabs.action.CustomTabsService" />
29-->[com.google.android.gms:play-services-ads-lite:21.4.0] AndroidManifest.xml:42:13-90
29-->[com.google.android.gms:play-services-ads-lite:21.4.0] AndroidManifest.xml:42:21-87
30        </intent>
31        <!-- End of CustomTabsService -->
32    </queries>
33
34    <uses-permission android:name="android.permission.WAKE_LOCK" />
34-->[com.google.android.gms:play-services-measurement-api:21.1.1] AndroidManifest.xml:24:5-68
34-->[com.google.android.gms:play-services-measurement-api:21.1.1] AndroidManifest.xml:24:22-65
35    <uses-permission android:name="com.google.android.finsky.permission.BIND_GET_INSTALL_REFERRER_SERVICE" />
35-->[com.google.android.gms:play-services-measurement:21.1.1] AndroidManifest.xml:26:5-110
35-->[com.google.android.gms:play-services-measurement:21.1.1] AndroidManifest.xml:26:22-107
36    <uses-permission android:name="android.permission.RECEIVE_BOOT_COMPLETED" />
36-->[androidx.work:work-runtime:2.7.0] AndroidManifest.xml:27:5-81
36-->[androidx.work:work-runtime:2.7.0] AndroidManifest.xml:27:22-78
37    <uses-permission android:name="android.permission.FOREGROUND_SERVICE" />
37-->[androidx.work:work-runtime:2.7.0] AndroidManifest.xml:28:5-77
37-->[androidx.work:work-runtime:2.7.0] AndroidManifest.xml:28:22-74
38
39    <application
39-->src/main/AndroidManifest.xml:6:5-155:19
40        android:allowBackup="true"
40-->src/main/AndroidManifest.xml:7:9-35
41        android:appComponentFactory="androidx.core.app.CoreComponentFactory"
41-->[androidx.core:core:1.8.0] AndroidManifest.xml:24:18-86
42        android:dataExtractionRules="@xml/data_extraction_rules"
42-->src/main/AndroidManifest.xml:8:9-65
43        android:extractNativeLibs="false"
44        android:fullBackupContent="@xml/backup_rules"
44-->src/main/AndroidManifest.xml:9:9-54
45        android:icon="@mipmap/ic_launcher"
45-->src/main/AndroidManifest.xml:10:9-43
46        android:label="@string/app_name"
46-->src/main/AndroidManifest.xml:11:9-41
47        android:roundIcon="@mipmap/ic_launcher_round"
47-->src/main/AndroidManifest.xml:12:9-54
48        android:supportsRtl="true"
48-->src/main/AndroidManifest.xml:13:9-35
49        android:theme="@style/Theme.Witku" >
49-->src/main/AndroidManifest.xml:14:9-43
50        <activity
50-->src/main/AndroidManifest.xml:16:9-18:40
51            android:name="com.iddwitku.witku.Htemulawak"
51-->src/main/AndroidManifest.xml:17:13-57
52            android:exported="false" />
52-->src/main/AndroidManifest.xml:18:13-37
53        <activity
53-->src/main/AndroidManifest.xml:19:9-21:40
54            android:name="com.iddwitku.witku.Hsalam"
54-->src/main/AndroidManifest.xml:20:13-53
55            android:exported="false" />
55-->src/main/AndroidManifest.xml:21:13-37
56        <activity
56-->src/main/AndroidManifest.xml:22:9-24:40
57            android:name="com.iddwitku.witku.Hpegagan"
57-->src/main/AndroidManifest.xml:23:13-55
58            android:exported="false" />
58-->src/main/AndroidManifest.xml:24:13-37
59        <activity
59-->src/main/AndroidManifest.xml:25:9-27:40
60            android:name="com.iddwitku.witku.Hketumbar"
60-->src/main/AndroidManifest.xml:26:13-56
61            android:exported="false" />
61-->src/main/AndroidManifest.xml:27:13-37
62        <activity
62-->src/main/AndroidManifest.xml:28:9-30:40
63            android:name="com.iddwitku.witku.HkayuSec"
63-->src/main/AndroidManifest.xml:29:13-55
64            android:exported="false" />
64-->src/main/AndroidManifest.xml:30:13-37
65        <activity
65-->src/main/AndroidManifest.xml:31:9-33:40
66            android:name="com.iddwitku.witku.HkayuManis"
66-->src/main/AndroidManifest.xml:32:13-57
67            android:exported="false" />
67-->src/main/AndroidManifest.xml:33:13-37
68        <activity
68-->src/main/AndroidManifest.xml:34:9-36:40
69            android:name="com.iddwitku.witku.HjerukN"
69-->src/main/AndroidManifest.xml:35:13-54
70            android:exported="false" />
70-->src/main/AndroidManifest.xml:36:13-37
71        <activity
71-->src/main/AndroidManifest.xml:37:9-39:40
72            android:name="com.iddwitku.witku.Hingu"
72-->src/main/AndroidManifest.xml:38:13-52
73            android:exported="false" />
73-->src/main/AndroidManifest.xml:39:13-37
74        <activity
74-->src/main/AndroidManifest.xml:40:9-42:40
75            android:name="com.iddwitku.witku.Hgendola"
75-->src/main/AndroidManifest.xml:41:13-55
76            android:exported="false" />
76-->src/main/AndroidManifest.xml:42:13-37
77        <activity
77-->src/main/AndroidManifest.xml:43:9-45:40
78            android:name="com.iddwitku.witku.Hciplukan"
78-->src/main/AndroidManifest.xml:44:13-56
79            android:exported="false" />
79-->src/main/AndroidManifest.xml:45:13-37
80        <activity
80-->src/main/AndroidManifest.xml:46:9-48:40
81            android:name="com.iddwitku.witku.Hblimbing"
81-->src/main/AndroidManifest.xml:47:13-56
82            android:exported="false" />
82-->src/main/AndroidManifest.xml:48:13-37
83        <activity
83-->src/main/AndroidManifest.xml:49:9-51:40
84            android:name="com.iddwitku.witku.Hanting"
84-->src/main/AndroidManifest.xml:50:13-54
85            android:exported="false" />
85-->src/main/AndroidManifest.xml:51:13-37
86        <activity
86-->src/main/AndroidManifest.xml:52:9-54:40
87            android:name="com.iddwitku.witku.Imun.Ikapulaga"
87-->src/main/AndroidManifest.xml:53:13-61
88            android:exported="false" />
88-->src/main/AndroidManifest.xml:54:13-37
89        <activity
89-->src/main/AndroidManifest.xml:55:9-57:40
90            android:name="com.iddwitku.witku.Imun.Isereh"
90-->src/main/AndroidManifest.xml:56:13-58
91            android:exported="false" />
91-->src/main/AndroidManifest.xml:57:13-37
92        <activity
92-->src/main/AndroidManifest.xml:58:9-60:40
93            android:name="com.iddwitku.witku.Imun.Ijahe"
93-->src/main/AndroidManifest.xml:59:13-57
94            android:exported="false" />
94-->src/main/AndroidManifest.xml:60:13-37
95        <activity
95-->src/main/AndroidManifest.xml:61:9-63:40
96            android:name="com.iddwitku.witku.Herbal.Hinfluenza"
96-->src/main/AndroidManifest.xml:62:13-64
97            android:exported="false" />
97-->src/main/AndroidManifest.xml:63:13-37
98        <activity
98-->src/main/AndroidManifest.xml:64:9-66:40
99            android:name="com.iddwitku.witku.Herbal.HmasukAngin"
99-->src/main/AndroidManifest.xml:65:13-65
100            android:exported="false" />
100-->src/main/AndroidManifest.xml:66:13-37
101        <activity
101-->src/main/AndroidManifest.xml:67:9-69:40
102            android:name="com.iddwitku.witku.Herbal.Hsariawan"
102-->src/main/AndroidManifest.xml:68:13-63
103            android:exported="false" />
103-->src/main/AndroidManifest.xml:69:13-37
104        <activity
104-->src/main/AndroidManifest.xml:70:9-72:40
105            android:name="com.iddwitku.witku.Herbal.Hmimisan"
105-->src/main/AndroidManifest.xml:71:13-62
106            android:exported="false" />
106-->src/main/AndroidManifest.xml:72:13-37
107        <activity
107-->src/main/AndroidManifest.xml:73:9-75:40
108            android:name="com.iddwitku.witku.Herbal.Hdiare"
108-->src/main/AndroidManifest.xml:74:13-60
109            android:exported="false" />
109-->src/main/AndroidManifest.xml:75:13-37
110        <activity
110-->src/main/AndroidManifest.xml:76:9-78:40
111            android:name="com.iddwitku.witku.Herbal.Hbatuk"
111-->src/main/AndroidManifest.xml:77:13-60
112            android:exported="false" />
112-->src/main/AndroidManifest.xml:78:13-37
113        <activity
113-->src/main/AndroidManifest.xml:79:9-81:40
114            android:name="com.iddwitku.witku.Herbal.Hdemam"
114-->src/main/AndroidManifest.xml:80:13-60
115            android:exported="false" />
115-->src/main/AndroidManifest.xml:81:13-37
116        <activity
116-->src/main/AndroidManifest.xml:82:9-84:40
117            android:name="com.iddwitku.witku.Benefits.Badas"
117-->src/main/AndroidManifest.xml:83:13-61
118            android:exported="false" />
118-->src/main/AndroidManifest.xml:84:13-37
119        <activity
119-->src/main/AndroidManifest.xml:85:9-87:40
120            android:name="com.iddwitku.witku.Benefits.BjambuBiji"
120-->src/main/AndroidManifest.xml:86:13-66
121            android:exported="false" />
121-->src/main/AndroidManifest.xml:87:13-37
122        <activity
122-->src/main/AndroidManifest.xml:88:9-90:40
123            android:name="com.iddwitku.witku.Benefits.Bmengkudu"
123-->src/main/AndroidManifest.xml:89:13-65
124            android:exported="false" />
124-->src/main/AndroidManifest.xml:90:13-37
125        <activity
125-->src/main/AndroidManifest.xml:91:9-93:40
126            android:name="com.iddwitku.witku.Benefits.Balang"
126-->src/main/AndroidManifest.xml:92:13-62
127            android:exported="false" />
127-->src/main/AndroidManifest.xml:93:13-37
128        <activity
128-->src/main/AndroidManifest.xml:94:9-96:40
129            android:name="com.iddwitku.witku.Benefits.Bsirih"
129-->src/main/AndroidManifest.xml:95:13-62
130            android:exported="false" />
130-->src/main/AndroidManifest.xml:96:13-37
131        <activity
131-->src/main/AndroidManifest.xml:97:9-99:40
132            android:name="com.iddwitku.witku.Benefits.Bsambiloto"
132-->src/main/AndroidManifest.xml:98:13-66
133            android:exported="false" />
133-->src/main/AndroidManifest.xml:99:13-37
134        <activity
134-->src/main/AndroidManifest.xml:100:9-102:40
135            android:name="com.iddwitku.witku.Benefits.Bkunyit"
135-->src/main/AndroidManifest.xml:101:13-63
136            android:exported="false" />
136-->src/main/AndroidManifest.xml:102:13-37
137        <activity
137-->src/main/AndroidManifest.xml:103:9-105:40
138            android:name="com.iddwitku.witku.General.Gattention"
138-->src/main/AndroidManifest.xml:104:13-65
139            android:exported="false" />
139-->src/main/AndroidManifest.xml:105:13-37
140        <activity
140-->src/main/AndroidManifest.xml:106:9-108:40
141            android:name="com.iddwitku.witku.General.Gguide"
141-->src/main/AndroidManifest.xml:107:13-61
142            android:exported="false" />
142-->src/main/AndroidManifest.xml:108:13-37
143        <activity
143-->src/main/AndroidManifest.xml:109:9-111:40
144            android:name="com.iddwitku.witku.General.Gtoga"
144-->src/main/AndroidManifest.xml:110:13-60
145            android:exported="false" />
145-->src/main/AndroidManifest.xml:111:13-37
146        <activity
146-->src/main/AndroidManifest.xml:112:9-114:40
147            android:name="com.iddwitku.witku.General.Gtools"
147-->src/main/AndroidManifest.xml:113:13-61
148            android:exported="false" />
148-->src/main/AndroidManifest.xml:114:13-37
149        <activity
149-->src/main/AndroidManifest.xml:115:9-117:40
150            android:name="com.iddwitku.witku.General.Gchoosing"
150-->src/main/AndroidManifest.xml:116:13-64
151            android:exported="false" />
151-->src/main/AndroidManifest.xml:117:13-37
152        <activity
152-->src/main/AndroidManifest.xml:118:9-120:40
153            android:name="com.iddwitku.witku.General.Gjamu"
153-->src/main/AndroidManifest.xml:119:13-60
154            android:exported="false" />
154-->src/main/AndroidManifest.xml:120:13-37
155        <activity
155-->src/main/AndroidManifest.xml:121:9-123:40
156            android:name="com.iddwitku.witku.General.Gdefinition"
156-->src/main/AndroidManifest.xml:122:13-66
157            android:exported="false" />
157-->src/main/AndroidManifest.xml:123:13-37
158        <activity
158-->src/main/AndroidManifest.xml:124:9-126:40
159            android:name="com.iddwitku.witku.login.RegisterActivity"
159-->src/main/AndroidManifest.xml:125:13-69
160            android:exported="false" />
160-->src/main/AndroidManifest.xml:126:13-37
161        <activity
161-->src/main/AndroidManifest.xml:127:9-129:40
162            android:name="com.iddwitku.witku.login.LoginActivity"
162-->src/main/AndroidManifest.xml:128:13-66
163            android:exported="false" />
163-->src/main/AndroidManifest.xml:129:13-37
164        <activity
164-->src/main/AndroidManifest.xml:130:9-132:40
165            android:name="com.iddwitku.witku.navDrawer.Konsul"
165-->src/main/AndroidManifest.xml:131:13-63
166            android:exported="false" />
166-->src/main/AndroidManifest.xml:132:13-37
167        <activity
167-->src/main/AndroidManifest.xml:133:9-135:40
168            android:name="com.iddwitku.witku.navDrawer.Timbangan"
168-->src/main/AndroidManifest.xml:134:13-66
169            android:exported="false" />
169-->src/main/AndroidManifest.xml:135:13-37
170        <activity
170-->src/main/AndroidManifest.xml:136:9-138:40
171            android:name="com.iddwitku.witku.navDrawer.About"
171-->src/main/AndroidManifest.xml:137:13-62
172            android:exported="false" />
172-->src/main/AndroidManifest.xml:138:13-37
173        <activity
173-->src/main/AndroidManifest.xml:139:9-141:40
174            android:name="com.iddwitku.witku.MainActivity"
174-->src/main/AndroidManifest.xml:140:13-59
175            android:exported="false" />
175-->src/main/AndroidManifest.xml:141:13-37
176        <activity
176-->src/main/AndroidManifest.xml:142:9-150:20
177            android:name="com.iddwitku.witku.splash.SplashActivity"
177-->src/main/AndroidManifest.xml:143:13-68
178            android:exported="true" >
178-->src/main/AndroidManifest.xml:144:13-36
179            <intent-filter>
179-->src/main/AndroidManifest.xml:145:13-149:29
180                <action android:name="android.intent.action.MAIN" />
180-->src/main/AndroidManifest.xml:146:17-69
180-->src/main/AndroidManifest.xml:146:25-66
181
182                <category android:name="android.intent.category.LAUNCHER" />
182-->src/main/AndroidManifest.xml:148:17-77
182-->src/main/AndroidManifest.xml:148:27-74
183            </intent-filter>
184        </activity>
185
186        <meta-data
186-->src/main/AndroidManifest.xml:152:9-154:69
187            android:name="com.google.android.gms.ads.APPLICATION_ID"
187-->src/main/AndroidManifest.xml:153:13-69
188            android:value="ca-app-pub-8299199271373776~1164184497" />
188-->src/main/AndroidManifest.xml:154:13-67
189
190        <service
190-->[com.google.firebase:firebase-database:20.0.6] AndroidManifest.xml:29:9-35:19
191            android:name="com.google.firebase.components.ComponentDiscoveryService"
191-->[com.google.firebase:firebase-database:20.0.6] AndroidManifest.xml:30:13-84
192            android:directBootAware="true"
192-->[com.google.firebase:firebase-common:20.1.2] AndroidManifest.xml:35:13-43
193            android:exported="false" >
193-->[com.google.firebase:firebase-database:20.0.6] AndroidManifest.xml:31:13-37
194            <meta-data
194-->[com.google.firebase:firebase-database:20.0.6] AndroidManifest.xml:32:13-34:85
195                android:name="com.google.firebase.components:com.google.firebase.database.DatabaseRegistrar"
195-->[com.google.firebase:firebase-database:20.0.6] AndroidManifest.xml:33:17-109
196                android:value="com.google.firebase.components.ComponentRegistrar" />
196-->[com.google.firebase:firebase-database:20.0.6] AndroidManifest.xml:34:17-82
197            <meta-data
197-->[com.google.firebase:firebase-auth:21.0.8] AndroidManifest.xml:67:13-69:85
198                android:name="com.google.firebase.components:com.google.firebase.auth.FirebaseAuthRegistrar"
198-->[com.google.firebase:firebase-auth:21.0.8] AndroidManifest.xml:68:17-109
199                android:value="com.google.firebase.components.ComponentRegistrar" />
199-->[com.google.firebase:firebase-auth:21.0.8] AndroidManifest.xml:69:17-82
200            <meta-data
200-->[com.google.android.gms:play-services-measurement-api:21.1.1] AndroidManifest.xml:31:13-33:85
201                android:name="com.google.firebase.components:com.google.firebase.analytics.connector.internal.AnalyticsConnectorRegistrar"
201-->[com.google.android.gms:play-services-measurement-api:21.1.1] AndroidManifest.xml:32:17-139
202                android:value="com.google.firebase.components.ComponentRegistrar" />
202-->[com.google.android.gms:play-services-measurement-api:21.1.1] AndroidManifest.xml:33:17-82
203            <meta-data
203-->[com.google.firebase:firebase-installations:17.0.3] AndroidManifest.xml:18:13-20:85
204                android:name="com.google.firebase.components:com.google.firebase.installations.FirebaseInstallationsRegistrar"
204-->[com.google.firebase:firebase-installations:17.0.3] AndroidManifest.xml:19:17-127
205                android:value="com.google.firebase.components.ComponentRegistrar" />
205-->[com.google.firebase:firebase-installations:17.0.3] AndroidManifest.xml:20:17-82
206        </service> <!-- Include the AdActivity and InAppPurchaseActivity configChanges and themes. -->
207        <activity
207-->[com.google.android.gms:play-services-ads-lite:21.4.0] AndroidManifest.xml:50:9-55:43
208            android:name="com.google.android.gms.ads.AdActivity"
208-->[com.google.android.gms:play-services-ads-lite:21.4.0] AndroidManifest.xml:51:13-65
209            android:configChanges="keyboard|keyboardHidden|orientation|screenLayout|uiMode|screenSize|smallestScreenSize"
209-->[com.google.android.gms:play-services-ads-lite:21.4.0] AndroidManifest.xml:52:13-122
210            android:exported="false"
210-->[com.google.android.gms:play-services-ads-lite:21.4.0] AndroidManifest.xml:53:13-37
211            android:theme="@android:style/Theme.Translucent" />
211-->[com.google.android.gms:play-services-ads-lite:21.4.0] AndroidManifest.xml:54:13-61
212
213        <provider
213-->[com.google.android.gms:play-services-ads-lite:21.4.0] AndroidManifest.xml:57:9-62:43
214            android:name="com.google.android.gms.ads.MobileAdsInitProvider"
214-->[com.google.android.gms:play-services-ads-lite:21.4.0] AndroidManifest.xml:58:13-76
215            android:authorities="com.iddwitku.witku.mobileadsinitprovider"
215-->[com.google.android.gms:play-services-ads-lite:21.4.0] AndroidManifest.xml:59:13-73
216            android:exported="false"
216-->[com.google.android.gms:play-services-ads-lite:21.4.0] AndroidManifest.xml:60:13-37
217            android:initOrder="100" />
217-->[com.google.android.gms:play-services-ads-lite:21.4.0] AndroidManifest.xml:61:13-36
218
219        <service
219-->[com.google.android.gms:play-services-ads-lite:21.4.0] AndroidManifest.xml:64:9-68:43
220            android:name="com.google.android.gms.ads.AdService"
220-->[com.google.android.gms:play-services-ads-lite:21.4.0] AndroidManifest.xml:65:13-64
221            android:enabled="true"
221-->[com.google.android.gms:play-services-ads-lite:21.4.0] AndroidManifest.xml:66:13-35
222            android:exported="false" />
222-->[com.google.android.gms:play-services-ads-lite:21.4.0] AndroidManifest.xml:67:13-37
223
224        <activity
224-->[com.google.android.gms:play-services-ads-lite:21.4.0] AndroidManifest.xml:70:9-74:43
225            android:name="com.google.android.gms.ads.OutOfContextTestingActivity"
225-->[com.google.android.gms:play-services-ads-lite:21.4.0] AndroidManifest.xml:71:13-82
226            android:configChanges="keyboard|keyboardHidden|orientation|screenLayout|uiMode|screenSize|smallestScreenSize"
226-->[com.google.android.gms:play-services-ads-lite:21.4.0] AndroidManifest.xml:72:13-122
227            android:exported="false" />
227-->[com.google.android.gms:play-services-ads-lite:21.4.0] AndroidManifest.xml:73:13-37
228        <activity
228-->[com.google.firebase:firebase-auth:21.0.8] AndroidManifest.xml:27:9-44:20
229            android:name="com.google.firebase.auth.internal.GenericIdpActivity"
229-->[com.google.firebase:firebase-auth:21.0.8] AndroidManifest.xml:28:13-80
230            android:excludeFromRecents="true"
230-->[com.google.firebase:firebase-auth:21.0.8] AndroidManifest.xml:29:13-46
231            android:exported="true"
231-->[com.google.firebase:firebase-auth:21.0.8] AndroidManifest.xml:30:13-36
232            android:launchMode="singleTask"
232-->[com.google.firebase:firebase-auth:21.0.8] AndroidManifest.xml:31:13-44
233            android:theme="@android:style/Theme.Translucent.NoTitleBar" >
233-->[com.google.firebase:firebase-auth:21.0.8] AndroidManifest.xml:32:13-72
234            <intent-filter>
234-->[com.google.firebase:firebase-auth:21.0.8] AndroidManifest.xml:33:13-43:29
235                <action android:name="android.intent.action.VIEW" />
235-->[com.google.android.gms:play-services-ads-lite:21.4.0] AndroidManifest.xml:33:13-65
235-->[com.google.android.gms:play-services-ads-lite:21.4.0] AndroidManifest.xml:33:21-62
236
237                <category android:name="android.intent.category.DEFAULT" />
237-->[com.google.firebase:firebase-auth:21.0.8] AndroidManifest.xml:36:17-76
237-->[com.google.firebase:firebase-auth:21.0.8] AndroidManifest.xml:36:27-73
238                <category android:name="android.intent.category.BROWSABLE" />
238-->[com.google.android.gms:play-services-ads-lite:21.4.0] AndroidManifest.xml:35:13-74
238-->[com.google.android.gms:play-services-ads-lite:21.4.0] AndroidManifest.xml:35:23-71
239
240                <data
240-->[com.google.android.gms:play-services-ads-lite:21.4.0] AndroidManifest.xml:37:13-44
241                    android:host="firebase.auth"
242                    android:path="/"
243                    android:scheme="genericidp" />
243-->[com.google.android.gms:play-services-ads-lite:21.4.0] AndroidManifest.xml:37:19-41
244            </intent-filter>
245        </activity>
246        <activity
246-->[com.google.firebase:firebase-auth:21.0.8] AndroidManifest.xml:45:9-62:20
247            android:name="com.google.firebase.auth.internal.RecaptchaActivity"
247-->[com.google.firebase:firebase-auth:21.0.8] AndroidManifest.xml:46:13-79
248            android:excludeFromRecents="true"
248-->[com.google.firebase:firebase-auth:21.0.8] AndroidManifest.xml:47:13-46
249            android:exported="true"
249-->[com.google.firebase:firebase-auth:21.0.8] AndroidManifest.xml:48:13-36
250            android:launchMode="singleTask"
250-->[com.google.firebase:firebase-auth:21.0.8] AndroidManifest.xml:49:13-44
251            android:theme="@android:style/Theme.Translucent.NoTitleBar" >
251-->[com.google.firebase:firebase-auth:21.0.8] AndroidManifest.xml:50:13-72
252            <intent-filter>
252-->[com.google.firebase:firebase-auth:21.0.8] AndroidManifest.xml:51:13-61:29
253                <action android:name="android.intent.action.VIEW" />
253-->[com.google.android.gms:play-services-ads-lite:21.4.0] AndroidManifest.xml:33:13-65
253-->[com.google.android.gms:play-services-ads-lite:21.4.0] AndroidManifest.xml:33:21-62
254
255                <category android:name="android.intent.category.DEFAULT" />
255-->[com.google.firebase:firebase-auth:21.0.8] AndroidManifest.xml:36:17-76
255-->[com.google.firebase:firebase-auth:21.0.8] AndroidManifest.xml:36:27-73
256                <category android:name="android.intent.category.BROWSABLE" />
256-->[com.google.android.gms:play-services-ads-lite:21.4.0] AndroidManifest.xml:35:13-74
256-->[com.google.android.gms:play-services-ads-lite:21.4.0] AndroidManifest.xml:35:23-71
257
258                <data
258-->[com.google.android.gms:play-services-ads-lite:21.4.0] AndroidManifest.xml:37:13-44
259                    android:host="firebase.auth"
260                    android:path="/"
261                    android:scheme="recaptcha" />
261-->[com.google.android.gms:play-services-ads-lite:21.4.0] AndroidManifest.xml:37:19-41
262            </intent-filter>
263        </activity>
264        <activity
264-->[com.google.android.gms:play-services-auth:20.3.0] AndroidManifest.xml:23:9-27:75
265            android:name="com.google.android.gms.auth.api.signin.internal.SignInHubActivity"
265-->[com.google.android.gms:play-services-auth:20.3.0] AndroidManifest.xml:24:13-93
266            android:excludeFromRecents="true"
266-->[com.google.android.gms:play-services-auth:20.3.0] AndroidManifest.xml:25:13-46
267            android:exported="false"
267-->[com.google.android.gms:play-services-auth:20.3.0] AndroidManifest.xml:26:13-37
268            android:theme="@android:style/Theme.Translucent.NoTitleBar" />
268-->[com.google.android.gms:play-services-auth:20.3.0] AndroidManifest.xml:27:13-72
269        <!--
270            Service handling Google Sign-In user revocation. For apps that do not integrate with
271            Google Sign-In, this service will never be started.
272        -->
273        <service
273-->[com.google.android.gms:play-services-auth:20.3.0] AndroidManifest.xml:33:9-37:51
274            android:name="com.google.android.gms.auth.api.signin.RevocationBoundService"
274-->[com.google.android.gms:play-services-auth:20.3.0] AndroidManifest.xml:34:13-89
275            android:exported="true"
275-->[com.google.android.gms:play-services-auth:20.3.0] AndroidManifest.xml:35:13-36
276            android:permission="com.google.android.gms.auth.api.signin.permission.REVOCATION_NOTIFICATION"
276-->[com.google.android.gms:play-services-auth:20.3.0] AndroidManifest.xml:36:13-107
277            android:visibleToInstantApps="true" />
277-->[com.google.android.gms:play-services-auth:20.3.0] AndroidManifest.xml:37:13-48
278
279        <provider
279-->[com.google.firebase:firebase-common:20.1.2] AndroidManifest.xml:26:9-31:39
280            android:name="com.google.firebase.provider.FirebaseInitProvider"
280-->[com.google.firebase:firebase-common:20.1.2] AndroidManifest.xml:27:13-77
281            android:authorities="com.iddwitku.witku.firebaseinitprovider"
281-->[com.google.firebase:firebase-common:20.1.2] AndroidManifest.xml:28:13-72
282            android:directBootAware="true"
282-->[com.google.firebase:firebase-common:20.1.2] AndroidManifest.xml:29:13-43
283            android:exported="false"
283-->[com.google.firebase:firebase-common:20.1.2] AndroidManifest.xml:30:13-37
284            android:initOrder="100" />
284-->[com.google.firebase:firebase-common:20.1.2] AndroidManifest.xml:31:13-36
285
286        <activity
286-->[com.google.android.gms:play-services-base:18.0.1] AndroidManifest.xml:20:9-22:45
287            android:name="com.google.android.gms.common.api.GoogleApiActivity"
287-->[com.google.android.gms:play-services-base:18.0.1] AndroidManifest.xml:20:19-85
288            android:exported="false"
288-->[com.google.android.gms:play-services-base:18.0.1] AndroidManifest.xml:22:19-43
289            android:theme="@android:style/Theme.Translucent.NoTitleBar" />
289-->[com.google.android.gms:play-services-base:18.0.1] AndroidManifest.xml:21:19-78
290
291        <receiver
291-->[com.google.android.gms:play-services-measurement:21.1.1] AndroidManifest.xml:29:9-33:20
292            android:name="com.google.android.gms.measurement.AppMeasurementReceiver"
292-->[com.google.android.gms:play-services-measurement:21.1.1] AndroidManifest.xml:30:13-85
293            android:enabled="true"
293-->[com.google.android.gms:play-services-measurement:21.1.1] AndroidManifest.xml:31:13-35
294            android:exported="false" >
294-->[com.google.android.gms:play-services-measurement:21.1.1] AndroidManifest.xml:32:13-37
295        </receiver>
296
297        <service
297-->[com.google.android.gms:play-services-measurement:21.1.1] AndroidManifest.xml:35:9-38:40